#
# There is insufficient memory for the Java Runtime Environment to continue.
# Native memory allocation (mmap) failed to map 4194304 bytes for G1 virtual space
# Possible reasons:
#   The system is out of physical RAM or swap space
#   The process is running with CompressedOops enabled, and the Java Heap may be blocking the growth of the native heap
# Possible solutions:
#   Reduce memory load on the system
#   Increase physical memory or swap space
#   Check if swap backing store is full
#   Decrease Java heap size (-Xmx/-Xms)
#   Decrease number of Java threads
#   Decrease Java thread stack sizes (-Xss)
#   Set larger code cache with -XX:ReservedCodeCacheSize=
#   JVM is running with Zero Based Compressed Oops mode in which the Java heap is
#     placed in the first 32GB address space. The Java Heap base address is the
#     maximum limit for the native heap growth. Please use -XX:HeapBaseMinAddress
#     to set the Java Heap base and to place the Java Heap above 32GB virtual address.
# This output file may be truncated or incomplete.
#
#  Out of Memory Error (os_windows.cpp:3541), pid=11216, tid=5836
#
# JRE version:  (17.0.4+8) (build )
# Java VM: OpenJDK 64-Bit Server VM (17.0.4+8, mixed mode, sharing, tiered, compressed oops, compressed class ptrs, g1 gc, windows-amd64)
# No core dump will be written. Minidumps are not enabled by default on client versions of Windows
#

---------------  S U M M A R Y ------------

Command Line: -Dfile.encoding=UTF-8 --module-path=C:\dev\Wildfly\wildfly-26.1.0.Final\bin\client\jboss-client.jar -XX:+ShowCodeDetailsInExceptionMessages logIn.LogIn

Host: Intel(R) Core(TM) i5-10400F CPU @ 2.90GHz, 12 cores, 15G,  Windows 11 , 64 bit Build 22621 (10.0.22621.1485)
Time: Thu Jun  8 17:05:12 2023 Hora estándar de Montevideo elapsed time: 0.008962 seconds (0d 0h 0m 0s)

---------------  T H R E A D  ---------------

Current thread (0x0000013424f1dc40):  JavaThread "Unknown thread" [_thread_in_vm, id=5836, stack(0x00000031dde00000,0x00000031ddf00000)]

Stack: [0x00000031dde00000,0x00000031ddf00000]
Native frames: (J=compiled Java code, j=interpreted, Vv=VM code, C=native code)
V  [jvm.dll+0x67733a]
V  [jvm.dll+0x8323c4]
V  [jvm.dll+0x833b6e]
V  [jvm.dll+0x8341d3]
V  [jvm.dll+0x2455e5]
V  [jvm.dll+0x674229]
V  [jvm.dll+0x668ab2]
V  [jvm.dll+0x30458b]
V  [jvm.dll+0x30bad6]
V  [jvm.dll+0x35baa8]
V  [jvm.dll+0x35bcaf]
V  [jvm.dll+0x2db428]
V  [jvm.dll+0x2dc394]
V  [jvm.dll+0x803ef1]
V  [jvm.dll+0x3698d1]
V  [jvm.dll+0x7e320c]
V  [jvm.dll+0x3ec23f]
V  [jvm.dll+0x3eddc1]
C  [jli.dll+0x5277]
C  [ucrtbase.dll+0x29363]
C  [KERNEL32.DLL+0x1269d]
C  [ntdll.dll+0x5a9f8]


---------------  P R O C E S S  ---------------

Threads class SMR info:
_java_thread_list=0x00007ffcb82d4e98, length=0, elements={
}

Java Threads: ( => current thread )

Other Threads:
  0x0000013424f8a990 GCTaskThread "GC Thread#0" [stack: 0x00000031ddf00000,0x00000031de000000] [id=5172]
  0x0000013424fd97b0 ConcurrentGCThread "G1 Main Marker" [stack: 0x00000031de000000,0x00000031de100000] [id=14900]
  0x0000013424fda1c0 ConcurrentGCThread "G1 Conc#0" [stack: 0x00000031de100000,0x00000031de200000] [id=20188]

[error occurred during error reporting (printing all threads), id 0xc0000005, EXCEPTION_ACCESS_VIOLATION (0xc0000005) at pc=0x00007ffcb7aabeb7]

VM state: not at safepoint (not fully initialized)

VM Mutex/Monitor currently owned by a thread:  ([mutex/lock_event])
[0x0000013424f19790] Heap_lock - owner thread: 0x0000013424f1dc40

Heap address: 0x0000000701c00000, size: 4068 MB, Compressed Oops mode: Zero based, Oop shift amount: 3

CDS archive(s) mapped at: [0x0000000000000000-0x0000000000000000-0x0000000000000000), size 0, SharedBaseAddress: 0x0000000800000000, ArchiveRelocationMode: 0.
Narrow klass base: 0x0000000000000000, Narrow klass shift: 0, Narrow klass range: 0x0

GC Precious Log:
<Empty>

Heap:
 garbage-first heap   total 0K, used 0K [0x0000000701c00000, 0x0000000800000000)
  region size 2048K, 0 young (0K), 0 survivors (0K)

[error occurred during error reporting (printing heap information), id 0xc0000005, EXCEPTION_ACCESS_VIOLATION (0xc0000005) at pc=0x00007ffcb7e906b9]

GC Heap History (0 events):
No events

Deoptimization events (0 events):
No events

Classes unloaded (0 events):
No events

Classes redefined (0 events):
No events

Internal exceptions (0 events):
No events

VM Operations (0 events):
No events

Events (1 events):
Event: 0.005 Loaded shared library C:\Users\zcrat\.p2\pool\plugins\org.eclipse.justj.openjdk.hotspot.jre.full.win32.x86_64_17.0.4.v20220805-1047\jre\bin\java.dll


Dynamic libraries:
0x00007ff681b80000 - 0x00007ff681b8e000 	C:\Users\zcrat\.p2\pool\plugins\org.eclipse.justj.openjdk.hotspot.jre.full.win32.x86_64_17.0.4.v20220805-1047\jre\bin\javaw.exe
0x00007ffd3c330000 - 0x00007ffd3c544000 	C:\WINDOWS\SYSTEM32\ntdll.dll
0x00007ffd3b470000 - 0x00007ffd3b532000 	C:\WINDOWS\System32\KERNEL32.DLL
0x00007ffd39d30000 - 0x00007ffd3a0cc000 	C:\WINDOWS\System32\KERNELBASE.dll
0x00007ffd39810000 - 0x00007ffd39921000 	C:\WINDOWS\System32\ucrtbase.dll
0x00007ffd1ea30000 - 0x00007ffd1ea48000 	C:\Users\zcrat\.p2\pool\plugins\org.eclipse.justj.openjdk.hotspot.jre.full.win32.x86_64_17.0.4.v20220805-1047\jre\bin\jli.dll
0x00007ffd2bc30000 - 0x00007ffd2bc49000 	C:\Users\zcrat\.p2\pool\plugins\org.eclipse.justj.openjdk.hotspot.jre.full.win32.x86_64_17.0.4.v20220805-1047\jre\bin\VCRUNTIME140.dll
0x00007ffd3b240000 - 0x00007ffd3b3eb000 	C:\WINDOWS\System32\USER32.dll
0x00007ffd2abd0000 - 0x00007ffd2ae5e000 	C:\WINDOWS\WinSxS\amd64_microsoft.windows.common-controls_6595b64144ccf1df_6.0.22621.608_none_a9444ca7c10bb01d\COMCTL32.dll
0x00007ffd39c80000 - 0x00007ffd39ca6000 	C:\WINDOWS\System32\win32u.dll
0x00007ffd3b540000 - 0x00007ffd3b5e7000 	C:\WINDOWS\System32\msvcrt.dll
0x00007ffd3ad90000 - 0x00007ffd3adb9000 	C:\WINDOWS\System32\GDI32.dll
0x00007ffd39b60000 - 0x00007ffd39c73000 	C:\WINDOWS\System32\gdi32full.dll
0x00007ffd39770000 - 0x00007ffd3980a000 	C:\WINDOWS\System32\msvcp_win.dll
0x00007ffd3c0e0000 - 0x00007ffd3c111000 	C:\WINDOWS\System32\IMM32.DLL
0x00007ffd36a50000 - 0x00007ffd36a5c000 	C:\Users\zcrat\.p2\pool\plugins\org.eclipse.justj.openjdk.hotspot.jre.full.win32.x86_64_17.0.4.v20220805-1047\jre\bin\vcruntime140_1.dll
0x00007ffd1bba0000 - 0x00007ffd1bc31000 	C:\Users\zcrat\.p2\pool\plugins\org.eclipse.justj.openjdk.hotspot.jre.full.win32.x86_64_17.0.4.v20220805-1047\jre\bin\msvcp140.dll
0x00007ffcb77c0000 - 0x00007ffcb8406000 	C:\Users\zcrat\.p2\pool\plugins\org.eclipse.justj.openjdk.hotspot.jre.full.win32.x86_64_17.0.4.v20220805-1047\jre\bin\server\jvm.dll
0x00007ffd3be70000 - 0x00007ffd3bf1e000 	C:\WINDOWS\System32\ADVAPI32.dll
0x00007ffd3a1f0000 - 0x00007ffd3a294000 	C:\WINDOWS\System32\sechost.dll
0x00007ffd3bf20000 - 0x00007ffd3c037000 	C:\WINDOWS\System32\RPCRT4.dll
0x00007ffd3c120000 - 0x00007ffd3c128000 	C:\WINDOWS\System32\PSAPI.DLL
0x00007ffd32400000 - 0x00007ffd32434000 	C:\WINDOWS\SYSTEM32\WINMM.dll
0x00007ffd1d250000 - 0x00007ffd1d259000 	C:\WINDOWS\SYSTEM32\WSOCK32.dll
0x00007ffd2ea80000 - 0x00007ffd2ea8a000 	C:\WINDOWS\SYSTEM32\VERSION.dll
0x00007ffd3b3f0000 - 0x00007ffd3b461000 	C:\WINDOWS\System32\WS2_32.dll
0x00007ffd38730000 - 0x00007ffd38748000 	C:\WINDOWS\SYSTEM32\kernel.appcore.dll
0x00007ffd34980000 - 0x00007ffd3498a000 	C:\Users\zcrat\.p2\pool\plugins\org.eclipse.justj.openjdk.hotspot.jre.full.win32.x86_64_17.0.4.v20220805-1047\jre\bin\jimage.dll
0x00007ffd26270000 - 0x00007ffd2649e000 	C:\WINDOWS\SYSTEM32\DBGHELP.DLL
0x00007ffd3add0000 - 0x00007ffd3b159000 	C:\WINDOWS\System32\combase.dll
0x00007ffd3b160000 - 0x00007ffd3b237000 	C:\WINDOWS\System32\OLEAUT32.dll
0x00007ffd2ba40000 - 0x00007ffd2ba72000 	C:\WINDOWS\SYSTEM32\dbgcore.DLL
0x00007ffd39cb0000 - 0x00007ffd39d2b000 	C:\WINDOWS\System32\bcryptPrimitives.dll
0x00007ffd11240000 - 0x00007ffd11265000 	C:\Users\zcrat\.p2\pool\plugins\org.eclipse.justj.openjdk.hotspot.jre.full.win32.x86_64_17.0.4.v20220805-1047\jre\bin\java.dll

dbghelp: loaded successfully - version: 4.0.5 - missing functions: none
symbol engine: initialized successfully - sym options: 0x614 - pdb path: .;C:\Users\zcrat\.p2\pool\plugins\org.eclipse.justj.openjdk.hotspot.jre.full.win32.x86_64_17.0.4.v20220805-1047\jre\bin;C:\WINDOWS\SYSTEM32;C:\WINDOWS\WinSxS\amd64_microsoft.windows.common-controls_6595b64144ccf1df_6.0.22621.608_none_a9444ca7c10bb01d;C:\Users\zcrat\.p2\pool\plugins\org.eclipse.justj.openjdk.hotspot.jre.full.win32.x86_64_17.0.4.v20220805-1047\jre\bin\server

VM Arguments:
jvm_args: -Dfile.encoding=UTF-8 --module-path=C:\dev\Wildfly\wildfly-26.1.0.Final\bin\client\jboss-client.jar -XX:+ShowCodeDetailsInExceptionMessages 
java_command: logIn.LogIn
java_class_path (initial): V:\BIGFIVESEMESTRE2\Cliente\bin;V:\BIGFIVESEMESTRE2\Cliente\jcalendar-1.4.jar;V:\BIGFIVESEMESTRE2\Cliente\jgoodies-forms-1.8.0.jar;V:\BIGFIVESEMESTRE2\Cliente\jgoodies-forms-1.8.0-sources.jar;V:\BIGFIVESEMESTRE2\Servidor\build\classes;C:\dev\Wildfly\wildfly-26.1.0.Final\modules\system\layers\base\javax\persistence\api\main\jakarta.persistence-api-2.2.3.jar
Launcher Type: SUN_STANDARD

[Global flags]
     intx CICompilerCount                          = 4                                         {product} {ergonomic}
     uint ConcGCThreads                            = 3                                         {product} {ergonomic}
     uint G1ConcRefinementThreads                  = 10                                        {product} {ergonomic}
   size_t G1HeapRegionSize                         = 2097152                                   {product} {ergonomic}
    uintx GCDrainStackTargetSize                   = 64                                        {product} {ergonomic}
   size_t InitialHeapSize                          = 268435456                                 {product} {ergonomic}
   size_t MarkStackSize                            = 4194304                                   {product} {ergonomic}
   size_t MaxHeapSize                              = 4265607168                                {product} {ergonomic}
   size_t MinHeapDeltaBytes                        = 2097152                                   {product} {ergonomic}
   size_t MinHeapSize                              = 8388608                                   {product} {ergonomic}
    uintx NonNMethodCodeHeapSize                   = 5839372                                {pd product} {ergonomic}
    uintx NonProfiledCodeHeapSize                  = 122909434                              {pd product} {ergonomic}
    uintx ProfiledCodeHeapSize                     = 122909434                              {pd product} {ergonomic}
    uintx ReservedCodeCacheSize                    = 251658240                              {pd product} {ergonomic}
     bool SegmentedCodeCache                       = true                                      {product} {ergonomic}
     bool ShowCodeDetailsInExceptionMessages       = true                                   {manageable} {command line}
   size_t SoftMaxHeapSize                          = 4265607168                             {manageable} {ergonomic}
     bool UseCompressedClassPointers               = true                           {product lp64_product} {ergonomic}
     bool UseCompressedOops                        = true                           {product lp64_product} {ergonomic}
     bool UseG1GC                                  = true                                      {product} {ergonomic}
     bool UseLargePagesIndividualAllocation        = false                                  {pd product} {ergonomic}

Logging:
Log output configuration:
 #0: stdout all=warning uptime,level,tags
 #1: stderr all=off uptime,level,tags

Environment Variables:
JAVA_HOME=C:\Program Files\Java\jdk-19
PATH=C:/Users/zcrat/.p2/pool/plugins/org.eclipse.justj.openjdk.hotspot.jre.full.win32.x86_64_17.0.4.v20220805-1047/jre/bin/server;C:/Users/zcrat/.p2/pool/plugins/org.eclipse.justj.openjdk.hotspot.jre.full.win32.x86_64_17.0.4.v20220805-1047/jre/bin;C:\Program Files\Java\jdk-19\bin;C:\app\zcrat\product\18.0.0\dbhomeXE\bin;C:\Program Files\Common Files\Oracle\Java\javapath;C:\Program Files\Python39\Scripts\;C:\Program Files\Python39\;C:\Program Files (x86)\Common Files\Oracle\Java\javapath;C:\WINDOWS\system32;C:\WINDOWS;C:\WINDOWS\System32\Wbem;C:\WINDOWS\System32\WindowsPowerShell\v1.0\;C:\WINDOWS\System32\OpenSSH\;C:\Program Files (x86)\NVIDIA Corporation\PhysX\Common;C:\Program Files\NVIDIA Corporation\NVIDIA NvDLISR;C:\Program Files\Git\cmd;C:\laragon\bin\php\php-7.4.19-Win32-vc15-x64;C:\ProgramData\ComposerSetup\bin;C:\Program Files\CMake\bin;C;C:\Program Files\dotnet\;C:\WINDOWS\system32;C:\WINDOWS;C:\WINDOWS\System32\Wbem;C:\WINDOWS\System32\WindowsPowerShell\v1.0\;C:\WINDOWS\System32\OpenSSH\;D:\Program Files\Airshipper\;C:\Program Files (x86)\cloudflared\.;C:\Program Files\nodejs\;C:\Program Files (x86)\Windows Kits\8.1\Windows Performance Toolkit\;C:\Program Files (x86)\Streamlink\bin;C:\Program Files\Java\jdk-19\bin;C:\Users\zcrat\AppData\Local\Microsoft\WindowsApps;C:\Users\zcrat\AppData\Roaming\Composer\vendor\bin;C:\dev\mingw\bin;C:\Users\zcrat\AppData\Local\Programs\Microsoft VS Code\bin;C:\Users\zcrat\AppData\Local\GitHubDesktop\bin;C:\Users\zcrat\.dotnet\tools;C:\dev\apache-maven-3.8.6\bin;C:\dev\platform-tools;C:\Program Files (x86)\Nmap;C:\Users\zcrat\AppData\Roaming\npm;D:\ffmpeg-master-latest-win64-gpl\bin;D:\IntelliJ IDEA 2022.3.3\bin;;C:\Program Files\JetBrains\DataGrip 2022.3.3\bin;;C:\Program Files\VideoLAN\VLC;C:\dev\selenium;C:\Program Files\MongoDB\Tools\100\bin;C:\src\flutter\bin;C:\Users\zcrat\AppData\Local\Pub\Cache\bin;C:\Users\zcrat\AppData\Local\Google\Cloud SDK\google-cloud-sdk\bin;;C:\Users\zcrat\AppData\Local\Programs\Fiddler;C:\WINDOW
USERNAME=zcrat
OS=Windows_NT
PROCESSOR_IDENTIFIER=Intel64 Family 6 Model 165 Stepping 3, GenuineIntel
TMP=C:\Users\zcrat\AppData\Local\Temp
TEMP=C:\Users\zcrat\AppData\Local\Temp



---------------  S Y S T E M  ---------------

OS:
 Windows 11 , 64 bit Build 22621 (10.0.22621.1485)
OS uptime: 0 days 4:49 hours
Hyper-V role detected

CPU: total 12 (initial active 12) (6 cores per cpu, 2 threads per core) family 6 model 165 stepping 3 microcode 0xe0, cx8, cmov, fxsr, ht, mmx, 3dnowpref, sse, sse2, sse3, ssse3, sse4.1, sse4.2, popcnt, lzcnt, tsc, tscinvbit, avx, avx2, aes, erms, clmul, bmi1, bmi2, adx, fma, vzeroupper, clflush, clflushopt, hv

Memory: 4k page, system-wide physical 16264M (5810M free)
TotalPageFile size 16264M (AvailPageFile size 6M)
current process WorkingSet (physical memory assigned to process): 11M, peak: 11M
current process commit charge ("private bytes"): 325M, peak: 328M

vm_info: OpenJDK 64-Bit Server VM (17.0.4+8) for windows-amd64 JRE (17.0.4+8), built on Jul 19 2022 16:05:16 by "temurin" with MS VC++ 16.7 (VS2019)

END.
